2021-09-15T20:22:28+00:00   : [object Object]
2021-09-15T20:23:19+00:00   : undefined
2021-09-15T20:51:39+00:00   : [object Object] 
2021-09-15T20:52:49+00:00   : {"message":"hello world"} 
2021-09-15T20:53:26+00:00   : {"message":"hello world"} 
2021-09-15T21:02:31+00:00   : {"message":"hello world"} 
2021-09-15T21:10:19+00:00   : {} 
2021-09-16T16:41:26+00:00   : {} 
2021-09-16T18:38:07+00:00   : {} 
2021-09-16T20:26:59+00:00   : {} 
2021-09-16T21:40:42+00:00   : [{"f":"J.41","h":"E15FE4D80000","ct":0}] 
2021-09-16T21:40:43+00:00   : [{"f":"J.41","h":"E15FE4D80000","ct":1631828442,"p":145,"q":4,"n":0,"mode":"pair"},{"s":1,"sid":"5C764D380000","lt":0,"b":100,"d":0,"o":"00FF00","c":"A50000"},{"s":2,"sid":"9FD54D380000","lt":0,"b":100,"d":0,"o":"00FF00","c":"A50000"},{"s":3,"sid":"474A4D380000","lt":0,"b":100,"d":1,"o":"00FF00","c":"A50000"},{"s":4,"sid":"3A4381380000","lt":0,"b":100,"d":1,"o":"00FF00","c":"A50000"}] 
2021-09-16T21:40:50+00:00   : [{"f":"J.41","h":"E15FE4D80000","ct":1631828449},{"s":1,"b":100,"e":0,"t":1631828448},{"s":2,"b":100,"e":0,"t":1631828448},{"s":3,"b":100,"e":1,"t":1631828448},{"s":4,"b":100,"e":1,"t":1631828448}] 
2021-09-16T21:40:52+00:00   : [{"f":"J.41","h":"E15FE4D80000","ct":1631828451}] 
2021-09-16T21:42:06+00:00   : [{"f":"J.41","h":"E15FE4D80000","ct":1631828512}] 
2021-09-16T21:43:16+00:00   : [{"f":"J.41","h":"E15FE4D80000","ct":1631828585}] 
2021-09-16T21:45:43+00:00   : [{"f":"J.41","h":"E15FE4D80000","ct":1631828655}] 
2021-09-16T21:58:21+00:00   : [{"f":"J.41","h":"E15FE4D80000","ct":1631828802}] 
2021-09-16T22:26:27+00:00   : [{"f":"J.41","h":"E15FE4D80000","ct":1631831112,"p":147,"q":4,"n":0,"mode":"pair"},{"s":1,"sid":"5C764D380000","lt":1631830733,"b":100,"d":0,"o":"00FF00","c":"A50000"},{"s":2,"sid":"9FD54D380000","lt":1631830733,"b":100,"d":0,"o":"00FF00","c":"A50000"},{"s":3,"sid":"474A4D380000","lt":1631830733,"b":100,"d":1,"o":"00FF00","c":"A50000"},{"s":4,"sid":"3A4381380000","lt":1631830733,"b":100,"d":1,"o":"00FF00","c":"A50000"}] 
2021-09-16T22:28:52+00:00   : {} 
2021-09-16T22:33:16+00:00   : [{"f":"J.41","h":"E15FE4D80000","ct":0}] 
2021-09-16T22:34:12+00:00   : [{"f":"J.41","h":"E15FE4D80000","ct":1631831604,"p":148,"q":4,"n":4,"mode":"pair"},{"s":1,"sid":"5C764D380000","lt":1631831603,"b":100,"d":0,"o":"00FF00","c":"A50000"},{"s":2,"sid":"9FD54D380000","lt":1631831603,"b":100,"d":0,"o":"00FF00","c":"A50000"},{"s":3,"sid":"474A4D380000","lt":1631831603,"b":100,"d":1,"o":"00FF00","c":"A50000"},{"s":4,"sid":"3A4381380000","lt":1631831603,"b":100,"d":1,"o":"00FF00","c":"A50000"}] 
2021-09-16T22:34:38+00:00   : [{"f":"J.41","h":"E15FE4D80000","ct":1631831660},{"s":1,"b":100,"e":0,"t":1631831603},{"s":2,"b":100,"e":0,"t":1631831603},{"s":3,"b":100,"e":1,"t":1631831603},{"s":4,"b":100,"e":1,"t":1631831603}] 
2021-09-16T22:34:41+00:00   : [{"f":"J.41","h":"E15FE4D80000","ct":1631831678}] 
2021-09-16T22:35:53+00:00   : [{"f":"J.41","h":"E15FE4D80000","ct":1631831740}] 
2021-09-16T22:36:58+00:00   : [{"f":"J.41","h":"E15FE4D80000","ct":1631831812}] 
2021-09-16T22:38:25+00:00   : [{"f":"J.41","h":"E15FE4D80000","ct":1631831877}] 
2021-09-16T22:39:28+00:00   : [{"f":"J.41","h":"E15FE4D80000","ct":1631831964}] 
2021-09-16T22:41:20+00:00   : [{"f":"J.41","h":"E15FE4D80000","ct":1631832027}] 
2021-09-16T22:42:15+00:00   : {} 
2021-09-16T22:42:35+00:00   : [{"f":"J.41","h":"E15FE4D80000","ct":1631832140}] 
2021-09-16T22:43:41+00:00   : [{"f":"J.41","h":"E15FE4D80000","ct":1631832214}] 
2021-09-16T23:10:53+00:00   : [{"f":"J.41","h":"E15FE4D80000","ct":1631832280}] 
2021-09-16T23:11:57+00:00   : [{"f":"J.41","h":"E15FE4D80000","ct":1631833913}] 
2021-09-16T23:12:15+00:00   : [{"f":"J.41","h":"E15FE4D80000","ct":1631752316},{"s":1,"b":100,"e":1,"t":1631752316}] 
2021-09-17T17:01:50+00:00   : [{"f":"J.41","h":"E15FE4D80000","ct":1631752316},{"s":1,"b":100,"e":1,"t":1631752316}] 
2021-09-17T19:01:49+00:00   : [{"f":"J.41","h":"E15FE4D80000","ct":1631752316},{"s":1,"b":100,"e":1,"t":1631752316}] 
2021-09-17T19:42:27+00:00   : [{"f":"J.41","h":"E15FE4D80000","ct":1631752316},{"s":1,"b":100,"e":1,"t":1631752316}] 
2021-09-17T19:42:34+00:00   : [{"f":"J.41","h":"E15FE4D80000","ct":1631752316}] 
2021-09-17T19:44:19+00:00   : [{"f":"J.41","h":"E15FE4D80000","ct":1631752316}] 
2021-09-17T19:44:41+00:00   : [{"f":"J.41","h":"E15FE4D80000","ct":1631752316}] 
2021-09-17T19:44:49+00:00   : [{"f":"J.41","h":"E15FE4D80000","ct":1631752316}] 
2021-09-17T19:45:00+00:00   : [{"f":"J.41","h":"E15FE4D80000","ct":1631752316}] 
2021-09-17T19:49:01+00:00   : [] 
2021-09-17T19:49:49+00:00   : [] 
2021-09-17T19:49:57+00:00   : [{"f":"J.41","h":"E15FE4D80000","ct":1631752316}] 
2021-09-17T19:50:12+00:00   : [{"f":"J.41","h":"E15FE4D80000","ct":1631752316},{"s":1,"b":100,"e":1,"t":1631752316}] 
2021-09-17T19:58:22+00:00   : [{"f":"J.41","h":"E15FE4D80000","ct":0}] 
2021-09-17T19:58:23+00:00   : [{"f":"J.41","h":"E15FE4D80000","ct":0,"p":163,"q":4,"n":0,"mode":"pair"},{"s":1,"sid":"5C764D380000","lt":0,"b":100,"d":0,"o":"00FF00","c":"A50000"},{"s":2,"sid":"9FD54D380000","lt":0,"b":100,"d":0,"o":"00FF00","c":"A50000"},{"s":3,"sid":"474A4D380000","lt":0,"b":100,"d":1,"o":"00FF00","c":"A50000"},{"s":4,"sid":"3A4381380000","lt":0,"b":100,"d":1,"o":"00FF00","c":"A50000"}] 
2021-09-17T19:58:30+00:00   : [{"f":"J.41","h":"E15FE4D80000","ct":1631908710},{"s":1,"b":100,"e":0,"t":1631908709},{"s":2,"b":100,"e":0,"t":1631908709},{"s":3,"b":100,"e":1,"t":1631908709},{"s":4,"b":100,"e":1,"t":1631908709}] 
2021-09-17T19:58:32+00:00   : [{"f":"J.41","h":"E15FE4D80000","ct":1631908711}] 
2021-09-17T19:59:33+00:00   : [{"f":"J.41","h":"E15FE4D80000","ct":1631908772}] 
2021-09-17T20:00:33+00:00   : [{"f":"J.41","h":"E15FE4D80000","ct":1631908831}] 
2021-09-17T20:01:39+00:00   : [{"f":"J.41","h":"E15FE4D80000","ct":1631908891}] 
2021-09-17T20:05:07+00:00   : [{"f":"J.41","h":"E15FE4D80000","ct":1631908951}] 
2021-09-17T20:11:30+00:00   : [{"f":"J.41","h":"E15FE4D80000","ct":1631909074}] 
2021-09-17T20:12:05+00:00   : [{}] 
2021-09-17T20:12:28+00:00   : [{"f":"J.41","h":"E15FE4D80000","ct":1631909131}] 
2021-09-17T20:16:28+00:00   : [{"f":"J.41","h":"E15FE4D80000","ct":1631909371}] 
2021-09-17T20:17:28+00:00   : [{"f":"J.41","h":"E15FE4D80000","ct":1631909431}] 
2021-09-17T20:18:28+00:00   : [{"f":"J.41","h":"E15FE4D80000","ct":1631909491}] 
2021-09-17T20:19:28+00:00   : [{"f":"J.41","h":"E15FE4D80000","ct":1631909551}] 
2021-09-17T20:20:29+00:00   : [{"f":"J.41","h":"E15FE4D80000","ct":1631909612}] 
2021-09-17T20:21:28+00:00   : [{"f":"J.41","h":"E15FE4D80000","ct":1631909671}] 
2021-09-17T20:22:28+00:00   : [{"f":"J.41","h":"E15FE4D80000","ct":1631909731}] 
2021-09-17T20:55:28+00:00   : [{"f":"J.41","h":"E15FE4D80000","ct":1631911712}] 
2021-09-17T20:56:27+00:00   : [{"f":"J.41","h":"E15FE4D80000","ct":1631911771}] 
2021-09-17T20:57:27+00:00   : [{"f":"J.41","h":"E15FE4D80000","ct":1631911831}] 
2021-09-17T20:58:27+00:00   : [{"f":"J.41","h":"E15FE4D80000","ct":1631911891}] 
2021-09-17T20:59:27+00:00   : [{"f":"J.41","h":"E15FE4D80000","ct":1631911951}] 
2021-09-17T21:00:27+00:00   : [{"f":"J.41","h":"E15FE4D80000","ct":1631912011}] 
2021-09-17T21:04:28+00:00   : [{"f":"J.41","h":"E15FE4D80000","ct":1631912252}] 
2021-09-17T21:05:27+00:00   : [{"f":"J.41","h":"E15FE4D80000","ct":1631912311}] 
2021-09-17T21:06:27+00:00   : [{"f":"J.41","h":"E15FE4D80000","ct":1631912371}] 
2021-09-17T21:07:27+00:00   : [{"f":"J.41","h":"E15FE4D80000","ct":1631912431}] 
2021-09-17T21:08:27+00:00   : [{"f":"J.41","h":"E15FE4D80000","ct":1631912491}] 
2021-09-17T21:09:27+00:00   : [{"f":"J.41","h":"E15FE4D80000","ct":1631912552}] 
2021-09-17T21:10:27+00:00   : [{"f":"J.41","h":"E15FE4D80000","ct":1631912611}] 
2021-09-17T21:11:27+00:00   : [{"f":"J.41","h":"E15FE4D80000","ct":1631912671}] 
2021-09-17T21:13:48+00:00   : [{"f":"J.41","h":"E15FE4D80000","ct":1631912731}] 
2021-09-17T21:15:03+00:00   : [{"f":"J.41","h":"E15FE4D80000","ct":1631912791}] 
2021-09-17T21:16:08+00:00   : [{"f":"J.41","h":"E15FE4D80000","ct":1631912851}] 
2021-09-17T21:17:36+00:00   : [{"f":"J.41","h":"E15FE4D80000","ct":1631912911}] 
2021-09-17T21:44:52+00:00   : [{"f":"J.41","h":"E15FE4D80000","ct":1631914803,"p":164,"q":4,"n":0,"mode":"pair"},{"s":1,"sid":"5C764D380000","lt":1631914008,"b":100,"d":0,"o":"00FF00","c":"A50000"},{"s":2,"sid":"9FD54D380000","lt":1631914008,"b":100,"d":0,"o":"00FF00","c":"A50000"},{"s":3,"sid":"474A4D380000","lt":1631914008,"b":100,"d":1,"o":"00FF00","c":"A50000"},{"s":4,"sid":"3A4381380000","lt":1631914008,"b":100,"d":1,"o":"00FF00","c":"A50000"}] 
2021-09-17T21:52:43+00:00   : [{"f":"J.41","h":"E15FE4D80000","ct":1631752316},{"s":1,"b":100,"e":1,"t":1631752316}] 
2021-09-17T21:53:13+00:00   : [{"f":"J.41","h":"E15FE4D80000","ct":1631915566,"p":164,"q":4,"n":0,"server retries":1,"mode":"pair"},{"s":1,"sid":"5C764D380000","lt":1631914008,"b":100,"d":0,"o":"00FF00","c":"A50000"},{"s":2,"sid":"9FD54D380000","lt":1631914008,"b":100,"d":0,"o":"00FF00","c":"A50000"},{"s":3,"sid":"474A4D380000","lt":1631914008,"b":100,"d":1,"o":"00FF00","c":"A50000"},{"s":4,"sid":"3A4381380000","lt":1631914008,"b":100,"d":1,"o":"00FF00","c":"A50000"}] 
2021-09-17T22:03:38+00:00   : [{"f":"J.41","h":"E15FE4D80000","ct":1631916105,"p":164,"q":4,"n":0,"mode":"pair"},{"s":1,"sid":"5C764D380000","lt":1631914008,"b":100,"d":0,"o":"00FF00","c":"A50000"},{"s":2,"sid":"9FD54D380000","lt":1631914008,"b":100,"d":0,"o":"00FF00","c":"A50000"},{"s":3,"sid":"474A4D380000","lt":1631914008,"b":100,"d":1,"o":"00FF00","c":"A50000"},{"s":4,"sid":"3A4381380000","lt":1631914008,"b":100,"d":1,"o":"00FF00","c":"A50000"}] 
2021-09-17T22:47:29+00:00   : [{"f":"J.41","h":"E15FE4D80000","ct":1631752316},{"s":1,"b":100,"e":1,"t":1631752316}] 
2021-09-17T22:48:48+00:00 ( 1631918928 ) :   [{"f":"J.41","h":"E15FE4D80000","ct":1631752316},{"s":1,"b":100,"e":1,"t":1631752316}] 
2021-09-17T23:11:09+00:00 ( 1631920269 ) :   [{"f":"J.41","h":"E15FE4D80000","ct":1631920202,"p":165,"q":4,"n":0,"mode":"pair"},{"s":1,"sid":"5C764D380000","lt":1631919024,"b":100,"d":0,"o":"00FF00","c":"A50000"},{"s":2,"sid":"9FD54D380000","lt":1631919024,"b":100,"d":0,"o":"00FF00","c":"A50000"},{"s":3,"sid":"474A4D380000","lt":1631919024,"b":100,"d":1,"o":"00FF00","c":"A50000"},{"s":4,"sid":"3A4381380000","lt":1631919024,"b":100,"d":1,"o":"00FF00","c":"A50000"}] 
2021-09-17T23:15:22+00:00 ( 1631920522 ) :   [{"f":"J.41","h":"E15FE4D80000","ct":1631920482,"p":165,"q":4,"n":0,"mode":"pair"},{"s":1,"sid":"5C764D380000","lt":1631919024,"b":100,"d":0,"o":"00FF00","c":"A50000"},{"s":2,"sid":"9FD54D380000","lt":1631919024,"b":100,"d":0,"o":"00FF00","c":"A50000"},{"s":3,"sid":"474A4D380000","lt":1631919024,"b":100,"d":1,"o":"00FF00","c":"A50000"},{"s":4,"sid":"3A4381380000","lt":1631919024,"b":100,"d":1,"o":"00FF00","c":"A50000"}] 
2021-09-17T23:27:39+00:00 ( 1631921259 ) :   [{"f":"J.41","h":"E15FE4D80000","ct":1631752316},{"s":1,"b":100,"e":1,"t":1631752316}] 
2021-09-17T23:46:29+00:00 ( 1631922389 ) :   [{"f":"J.41","h":"E15FE4D80000","ct":1631752316},{"s":1,"b":100,"e":1,"t":1631752316}] 
2021-09-17T23:46:39+00:00 ( 1631922399 ) :    [{"f":"J.41","h":"E15FE4D80000","ct":1631752316}] 
